<?xml version="1.0" encoding="UTF-8"?>
<!-- Generated by org.testng.reporters.JUnitXMLReporter -->
<testsuite hostname="DESKTOP-2JS65P6" ignored="0" name="Testing Parameterization" tests="6" failures="0" timestamp="19 Jul 2018 12:16:15 GMT" time="129.599" errors="0">
  <testcase name="searchAndAdd" time="24.009" classname="amazonAssignment.Amazon"/>
  <testcase name="searchAndAdd" time="19.21" classname="amazonAssignment.Amazon"/>
  <testcase name="searchAndAdd" time="19.119" classname="amazonAssignment.Amazon"/>
  <testcase name="searchAndAdd" time="20.547" classname="amazonAssignment.Amazon"/>
  <testcase name="amazonTestCasesExecution" time="29.273" classname="amazonAssignment.Amazon"/>
  <testcase name="signOut" time="1.649" classname="amazonAssignment.Amazon"/>
</testsuite> <!-- Testing Parameterization -->
