<?xml version="1.0" encoding="UTF-8"?>
<testng-results skipped="0" failed="0" ignored="0" total="6" passed="6">
  <reporter-output>
  </reporter-output>
  <suite name="Parameterization Test Suite" duration-ms="129599" started-at="2018-07-19T12:14:05Z" finished-at="2018-07-19T12:16:15Z">
    <groups>
    </groups>
    <test name="Testing Parameterization" duration-ms="129599" started-at="2018-07-19T12:14:05Z" finished-at="2018-07-19T12:16:15Z">
      <class name="amazonAssignment.Amazon">
        <test-method status="PASS" signature="setupClass()[pri:0, instance:amazonAssignment.Amazon@57baeedf]" name="setupClass" is-config="true" duration-ms="14734" started-at="2018-07-19T12:14:05Z" finished-at="2018-07-19T12:14:20Z">
          <reporter-output>
          </reporter-output>
        </test-method> <!-- setupClass -->
        <test-method status="PASS" signature="searchAndAdd(java.lang.String, java.lang.String)[pri:0, instance:amazonAssignment.Amazon@57baeedf]" name="searchAndAdd" duration-ms="24009" started-at="2018-07-19T12:14:21Z" data-provider="SearchItems" finished-at="2018-07-19T12:14:45Z">
          <params>
            <param index="0">
              <value>
                <![CDATA[Televisions in tv]]>
              </value>
            </param>
            <param index="1">
              <value>
                <![CDATA[Bravia]]>
              </value>
            </param>
          </params>
          <reporter-output>
          </reporter-output>
        </test-method> <!-- searchAndAdd -->
        <test-method status="PASS" signature="searchAndAdd(java.lang.String, java.lang.String)[pri:0, instance:amazonAssignment.Amazon@57baeedf]" name="searchAndAdd" duration-ms="19210" started-at="2018-07-19T12:14:45Z" data-provider="SearchItems" finished-at="2018-07-19T12:15:04Z">
          <params>
            <param index="0">
              <value>
                <![CDATA[Camera]]>
              </value>
            </param>
            <param index="1">
              <value>
                <![CDATA[Sony]]>
              </value>
            </param>
          </params>
          <reporter-output>
          </reporter-output>
        </test-method> <!-- searchAndAdd -->
        <test-method status="PASS" signature="searchAndAdd(java.lang.String, java.lang.String)[pri:0, instance:amazonAssignment.Amazon@57baeedf]" name="searchAndAdd" duration-ms="19119" started-at="2018-07-19T12:15:04Z" data-provider="SearchItems" finished-at="2018-07-19T12:15:23Z">
          <params>
            <param index="0">
              <value>
                <![CDATA[Furniture]]>
              </value>
            </param>
            <param index="1">
              <value>
                <![CDATA[Nilkamal]]>
              </value>
            </param>
          </params>
          <reporter-output>
          </reporter-output>
        </test-method> <!-- searchAndAdd -->
        <test-method status="PASS" signature="searchAndAdd(java.lang.String, java.lang.String)[pri:0, instance:amazonAssignment.Amazon@57baeedf]" name="searchAndAdd" duration-ms="20547" started-at="2018-07-19T12:15:23Z" data-provider="SearchItems" finished-at="2018-07-19T12:15:44Z">
          <params>
            <param index="0">
              <value>
                <![CDATA[Wax polish]]>
              </value>
            </param>
            <param index="1">
              <value>
                <![CDATA[Motomax]]>
              </value>
            </param>
          </params>
          <reporter-output>
          </reporter-output>
        </test-method> <!-- searchAndAdd -->
        <test-method status="PASS" signature="amazonTestCasesExecution()[pri:1, instance:amazonAssignment.Amazon@57baeedf]" name="amazonTestCasesExecution" duration-ms="29273" started-at="2018-07-19T12:15:44Z" finished-at="2018-07-19T12:16:13Z">
          <reporter-output>
          </reporter-output>
        </test-method> <!-- amazonTestCasesExecution -->
        <test-method status="PASS" signature="signOut()[pri:2, instance:amazonAssignment.Amazon@57baeedf]" name="signOut" duration-ms="1649" started-at="2018-07-19T12:16:13Z" finished-at="2018-07-19T12:16:15Z">
          <reporter-output>
          </reporter-output>
        </test-method> <!-- signOut -->
      </class> <!-- amazonAssignment.Amazon -->
    </test> <!-- Testing Parameterization -->
  </suite> <!-- Parameterization Test Suite -->
</testng-results>
